<?xml version="1.0" encoding="UTF-8"?>
<testng-results ignored="0" total="2" passed="2" failed="0" skipped="0">
  <reporter-output>
    <line>
      <![CDATA[Running browser is:chrome]]>
    </line>
  </reporter-output>
  <suite started-at="2022-06-05T00:02:39 IST" name="Suite" finished-at="2022-06-05T00:02:56 IST" duration-ms="17405">
    <groups>
    </groups>
    <test started-at="2022-06-05T00:02:39 IST" name="Test" finished-at="2022-06-05T00:02:56 IST" duration-ms="17405">
      <class name="hiii2.LoginTest">
        <test-method signature="LaunchURLtest(java.lang.String)[pri:1, instance:hiii2.LoginTest@188715b5]" started-at="2022-06-05T00:02:39 IST" name="LaunchURLtest" finished-at="2022-06-05T00:02:51 IST" duration-ms="12308" status="PASS">
          <params>
            <param index="0">
              <value>
                <![CDATA[chrome]]>
              </value>
            </param>
          </params>
          <reporter-output>
            <line>
              <![CDATA[Running browser is:chrome]]>
            </line>
          </reporter-output>
        </test-method> <!-- LaunchURLtest -->
        <test-method signature="LaunchURLtest2(java.lang.String,java.lang.String)[pri:2, instance:hiii2.LoginTest@188715b5]" started-at="2022-06-05T00:02:51 IST" name="LaunchURLtest2" finished-at="2022-06-05T00:02:56 IST" duration-ms="4969" status="PASS">
          <params>
            <param index="0">
              <value>
                <![CDATA[mngr413439]]>
              </value>
            </param>
            <param index="1">
              <value>
                <![CDATA[tEzAqas]]>
              </value>
            </param>
          </params>
          <reporter-output>
          </reporter-output>
        </test-method> <!-- LaunchURLtest2 -->
      </class> <!-- hiii2.LoginTest -->
    </test> <!-- Test -->
  </suite> <!-- Suite -->
</testng-results>
